This is XeTeX, Version 3.141592653-2.6-0.999996 (TeX Live 2025/dev/Debian) (preloaded format=xelatex 2025.10.24)  24 OCT 2025 12:57
entering extended mode
 restricted \write18 enabled.
 %&-line parsing enabled.
**includes.tex
(./includes.tex
LaTeX2e <2024-11-01> patch level 2
L3 programming layer <2025-01-18>

! LaTeX Error: \usepackage before \documentclass.

See the LaTeX manual or LaTeX Companion for explanation.
Type  H <return>  for immediate help.
 ...                                              
                                                  
l.31 \usepackage{
                 ifxetex}
? X
 
Here is how much of TeX's memory you used:
 14 strings out of 475770
 404 string characters out of 5772760
 381310 words of memory out of 5000000
 23058 multiletter control sequences out of 15000+600000
 558837 words of font info for 36 fonts, out of 8000000 for 9000
 40 hyphenation exceptions out of 8191
 11i,0n,13p,104b,14s stack positions out of 10000i,1000n,20000p,200000b,200000s
No pages of output.
